00000000000i[      ] Bochs x86 Emulator 2.6.8.svn
00000000000i[      ]   Built from SVN snapshot after release 2.6.8
00000000000i[      ] Compiled on Sep  2 2016 at 21:13:25
00000000000i[      ] System configuration
00000000000i[      ]   processors: 1 (cores=1, HT threads=1)
00000000000i[      ]   A20 line support: yes
00000000000i[      ] IPS is set to 4000000
00000000000i[      ] CPU configuration
00000000000i[      ]   SMP support: no
00000000000i[      ]   level: 6
00000000000i[      ]   APIC support: xapic
00000000000i[      ]   FPU support: yes
00000000000i[      ]   MMX support: yes
00000000000i[      ]   3dnow! support: no
00000000000i[      ]   SEP support: yes
00000000000i[      ]   SIMD support: sse2
00000000000i[      ]   XSAVE support: no 
00000000000i[      ]   AES support: no
00000000000i[      ]   SHA support: no
00000000000i[      ]   MOVBE support: no
00000000000i[      ]   ADX support: no
00000000000i[      ]   x86-64 support: no
00000000000i[      ]   MWAIT support: yes
00000000000i[      ] Optimization configuration
00000000000i[      ]   RepeatSpeedups support: no
00000000000i[      ]   Fast function calls: no
00000000000i[      ]   Handlers Chaining speedups: no
00000000000i[      ] Devices configuration
00000000000i[      ]   NE2000 support: no
00000000000i[      ]   PCI support: yes, enabled=yes
00000000000i[      ]   SB16 support: no
00000000000i[      ]   USB support: no
00000000000i[      ]   VGA extension support: vbe
00000000000i[MEM0  ] allocated memory at 0x7f4a35d53010. after alignment, vector=0x7f4a35d54000
00000000000i[MEM0  ] 256.00MB
00000000000i[MEM0  ] mem block size = 0x00020000, blocks=2048
00000000000i[MEM0  ] rom at 0xe0000/131072 ('BIOS-bochs-latest')
00000000000i[PLUGIN] init_dev of 'pci' plugin device by virtual method
00000000000i[DEV   ] i440FX PMC present at device 0, function 0
00000000000i[PLUGIN] init_dev of 'pci2isa' plugin device by virtual method
00000000000i[DEV   ] PIIX3 PCI-to-ISA bridge present at device 1, function 0
00000000000i[PLUGIN] init_dev of 'cmos' plugin device by virtual method
00000000000i[CMOS  ] Using local time for initial clock
00000000000i[CMOS  ] Setting initial clock to: Fri Sep  2 21:15:30 2016 (time0=1472865330)
00000000000i[PLUGIN] init_dev of 'dma' plugin device by virtual method
00000000000i[DMA   ] channel 4 used by cascade
00000000000i[PLUGIN] init_dev of 'pic' plugin device by virtual method
00000000000i[PLUGIN] init_dev of 'pit' plugin device by virtual method
00000000000i[PLUGIN] init_dev of 'vga' plugin device by virtual method
00000000000i[MEM0  ] Register memory access handlers: 0x0000000a0000 - 0x0000000bffff
00000000000i[VGA   ] interval=200000, mode=realtime
00000000000i[MEM0  ] Register memory access handlers: 0x0000e0000000 - 0x0000e0ffffff
00000000000i[BXVGA ] VBE Bochs Display Extension Enabled
00000000000i[XGUI  ] test_alloc_colors: 16 colors available out of 16 colors tried
00000000000i[XGUI  ] font 8 wide x 16 high, display depth = 24
00000000000i[MEM0  ] rom at 0xc0000/39424 ('vgabios-stdvga')
00000000000i[PLUGIN] init_dev of 'floppy' plugin device by virtual method
00000000000i[DMA   ] channel 2 used by Floppy Drive
00000000000i[FLOPPY] fd0: 'kernel.elf' ro=0, h=2,t=80,spt=18
00000000000i[FLOPPY] Using boot sequence floppy, none, none
00000000000i[FLOPPY] Floppy boot signature check is enabled
00000000000i[PLUGIN] init_dev of 'acpi' plugin device by virtual method
00000000000i[DEV   ] ACPI Controller present at device 1, function 3
00000000000i[PLUGIN] init_dev of 'ioapic' plugin device by virtual method
00000000000i[IOAPIC] initializing I/O APIC
00000000000i[MEM0  ] Register memory access handlers: 0x0000fec00000 - 0x0000fec00fff
00000000000i[IOAPIC] IOAPIC enabled (base address = 0xfec00000)
00000000000i[PLUGIN] init_dev of 'keyboard' plugin device by virtual method
00000000000i[KBD   ] will paste characters every 400 keyboard ticks
00000000000i[PLUGIN] init_dev of 'harddrv' plugin device by virtual method
00000000000i[HD    ] HD on ata0-0: 'hd.img', 'flat' mode
00000000000i[IMG   ] hd_size: 104857600
00000000000i[HD    ] ata0-0: using specified geometry: CHS=203/2/63
00000000000i[HD    ] ata0-0: extra data outside of CHS address range
00000000000i[HD    ] translation on ata0-0 set to 'none'
00000000000i[PLUGIN] init_dev of 'pci_ide' plugin device by virtual method
00000000000i[DEV   ] PIIX3 PCI IDE controller present at device 1, function 1
00000000000i[PLUGIN] init_dev of 'unmapped' plugin device by virtual method
00000000000i[PLUGIN] init_dev of 'biosdev' plugin device by virtual method
00000000000i[PLUGIN] init_dev of 'speaker' plugin device by virtual method
00000000000i[PCSPK ] Using /dev/console for output
00000000000i[PLUGIN] init_dev of 'extfpuirq' plugin device by virtual method
00000000000i[PLUGIN] init_dev of 'parallel' plugin device by virtual method
00000000000i[PAR   ] parallel port 1 at 0x0378 irq 7
00000000000i[PLUGIN] init_dev of 'serial' plugin device by virtual method
00000000000i[SER   ] com1 at 0x03f8 irq 4 (mode: null)
00000000000i[PLUGIN] register state of 'pci' plugin device by virtual method
00000000000i[PLUGIN] register state of 'pci2isa' plugin device by virtual method
00000000000i[PLUGIN] register state of 'cmos' plugin device by virtual method
00000000000i[PLUGIN] register state of 'dma' plugin device by virtual method
00000000000i[PLUGIN] register state of 'pic' plugin device by virtual method
00000000000i[PLUGIN] register state of 'pit' plugin device by virtual method
00000000000i[PLUGIN] register state of 'vga' plugin device by virtual method
00000000000i[PLUGIN] register state of 'floppy' plugin device by virtual method
00000000000i[PLUGIN] register state of 'unmapped' plugin device by virtual method
00000000000i[PLUGIN] register state of 'biosdev' plugin device by virtual method
00000000000i[PLUGIN] register state of 'speaker' plugin device by virtual method
00000000000i[PLUGIN] register state of 'extfpuirq' plugin device by virtual method
00000000000i[PLUGIN] register state of 'parallel' plugin device by virtual method
00000000000i[PLUGIN] register state of 'serial' plugin device by virtual method
00000000000i[PLUGIN] register state of 'acpi' plugin device by virtual method
00000000000i[PLUGIN] register state of 'ioapic' plugin device by virtual method
00000000000i[PLUGIN] register state of 'keyboard' plugin device by virtual method
00000000000i[PLUGIN] register state of 'harddrv' plugin device by virtual method
00000000000i[PLUGIN] register state of 'pci_ide' plugin device by virtual method
00000000000i[SYS   ] bx_pc_system_c::Reset(HARDWARE) called
00000000000i[CPU0  ] cpu hardware reset
00000000000i[APIC0 ] allocate APIC id=0 (MMIO enabled) to 0x0000fee00000
00000000000i[CPU0  ] CPUID[0x00000000]: 00000005 756e6547 6c65746e 49656e69
00000000000i[CPU0  ] CPUID[0x00000001]: 00000633 00010800 00000008 1fcbfbff
00000000000i[CPU0  ] CPUID[0x00000002]: 00410601 00000000 00000000 00000000
00000000000i[CPU0  ] CPUID[0x00000003]: 00000000 00000000 00000000 00000000
00000000000i[CPU0  ] CPUID[0x00000004]: 00000000 00000000 00000000 00000000
00000000000i[CPU0  ] CPUID[0x00000005]: 00000040 00000040 00000003 00000020
00000000000i[PLUGIN] reset of 'pci' plugin device by virtual method
00000000000i[PLUGIN] reset of 'pci2isa' plugin device by virtual method
00000000000i[PLUGIN] reset of 'cmos' plugin device by virtual method
00000000000i[PLUGIN] reset of 'dma' plugin device by virtual method
00000000000i[PLUGIN] reset of 'pic' plugin device by virtual method
00000000000i[PLUGIN] reset of 'pit' plugin device by virtual method
00000000000i[PLUGIN] reset of 'vga' plugin device by virtual method
00000000000i[PLUGIN] reset of 'floppy' plugin device by virtual method
00000000000i[PLUGIN] reset of 'acpi' plugin device by virtual method
00000000000i[PLUGIN] reset of 'ioapic' plugin device by virtual method
00000000000i[PLUGIN] reset of 'keyboard' plugin device by virtual method
00000000000i[PLUGIN] reset of 'harddrv' plugin device by virtual method
00000000000i[PLUGIN] reset of 'pci_ide' plugin device by virtual method
00000000000i[PLUGIN] reset of 'unmapped' plugin device by virtual method
00000000000i[PLUGIN] reset of 'biosdev' plugin device by virtual method
00000000000i[PLUGIN] reset of 'speaker' plugin device by virtual method
00000000000i[PLUGIN] reset of 'extfpuirq' plugin device by virtual method
00000000000i[PLUGIN] reset of 'parallel' plugin device by virtual method
00000000000i[PLUGIN] reset of 'serial' plugin device by virtual method
00000000000i[XGUI  ] Mouse capture on
00000163455e[DEV   ] read from port 0x0000 with len 2 returns 0xffff
00000310625e[CPU0  ] prefetch: EIP [00010000] > CS.limit [0000ffff]
00000343389e[CPU0  ] prefetch: EIP [00010000] > CS.limit [0000ffff]
00000376151e[CPU0  ] prefetch: EIP [00010000] > CS.limit [0000ffff]
00000408914e[CPU0  ] prefetch: EIP [00010000] > CS.limit [0000ffff]
00000441676e[CPU0  ] prefetch: EIP [00010000] > CS.limit [0000ffff]
00000474437e[CPU0  ] prefetch: EIP [00010000] > CS.limit [0000ffff]
00000507197e[CPU0  ] prefetch: EIP [00010000] > CS.limit [0000ffff]
00000539957e[CPU0  ] prefetch: EIP [00010000] > CS.limit [0000ffff]
00000572718e[CPU0  ] prefetch: EIP [00010000] > CS.limit [0000ffff]
00000605479e[CPU0  ] prefetch: EIP [00010000] > CS.limit [0000ffff]
00000638239e[CPU0  ] prefetch: EIP [00010000] > CS.limit [0000ffff]
00000670998e[CPU0  ] prefetch: EIP [00010000] > CS.limit [0000ffff]
00000678528i[XGUI  ] charmap update. Font is 9 x 16
00000703757e[CPU0  ] prefetch: EIP [00010000] > CS.limit [0000ffff]
00000736516e[CPU0  ] prefetch: EIP [00010000] > CS.limit [0000ffff]
00000769275e[CPU0  ] prefetch: EIP [00010000] > CS.limit [0000ffff]
00000802033e[CPU0  ] prefetch: EIP [00010000] > CS.limit [0000ffff]
00000834790e[CPU0  ] prefetch: EIP [00010000] > CS.limit [0000ffff]
00000867547e[CPU0  ] prefetch: EIP [00010000] > CS.limit [0000ffff]
00000900303e[CPU0  ] prefetch: EIP [00010000] > CS.limit [0000ffff]
00000933058e[CPU0  ] prefetch: EIP [00010000] > CS.limit [0000ffff]
00000965813e[CPU0  ] prefetch: EIP [00010000] > CS.limit [0000ffff]
00000998568e[CPU0  ] prefetch: EIP [00010000] > CS.limit [0000ffff]
00001031323e[CPU0  ] prefetch: EIP [00010000] > CS.limit [0000ffff]
00001064077e[CPU0  ] prefetch: EIP [00010000] > CS.limit [0000ffff]
00001096831e[CPU0  ] prefetch: EIP [00010000] > CS.limit [0000ffff]
00001129584e[CPU0  ] prefetch: EIP [00010000] > CS.limit [0000ffff]
00001162337e[CPU0  ] prefetch: EIP [00010000] > CS.limit [0000ffff]
00001195089e[CPU0  ] prefetch: EIP [00010000] > CS.limit [0000ffff]
00001227841e[CPU0  ] prefetch: EIP [00010000] > CS.limit [0000ffff]
00001260592e[CPU0  ] prefetch: EIP [00010000] > CS.limit [0000ffff]
00001293342e[CPU0  ] prefetch: EIP [00010000] > CS.limit [0000ffff]
00001326091e[CPU0  ] prefetch: EIP [00010000] > CS.limit [0000ffff]
00001358840e[CPU0  ] prefetch: EIP [00010000] > CS.limit [0000ffff]
00001391589e[CPU0  ] prefetch: EIP [00010000] > CS.limit [0000ffff]
00001424337e[CPU0  ] prefetch: EIP [00010000] > CS.limit [0000ffff]
00001457085e[CPU0  ] prefetch: EIP [00010000] > CS.limit [0000ffff]
00001489832e[CPU0  ] prefetch: EIP [00010000] > CS.limit [0000ffff]
00001522579e[CPU0  ] prefetch: EIP [00010000] > CS.limit [0000ffff]
00001555326e[CPU0  ] prefetch: EIP [00010000] > CS.limit [0000ffff]
00001588071e[CPU0  ] prefetch: EIP [00010000] > CS.limit [0000ffff]
00001620817e[CPU0  ] prefetch: EIP [00010000] > CS.limit [0000ffff]
00001653562e[CPU0  ] prefetch: EIP [00010000] > CS.limit [0000ffff]
00001686307e[CPU0  ] prefetch: EIP [00010000] > CS.limit [0000ffff]
00001719052e[CPU0  ] prefetch: EIP [00010000] > CS.limit [0000ffff]
00001751796e[CPU0  ] prefetch: EIP [00010000] > CS.limit [0000ffff]
00001784540e[CPU0  ] prefetch: EIP [00010000] > CS.limit [0000ffff]
00001817283e[CPU0  ] prefetch: EIP [00010000] > CS.limit [0000ffff]
00001850024e[CPU0  ] prefetch: EIP [00010000] > CS.limit [0000ffff]
00001882766e[CPU0  ] prefetch: EIP [00010000] > CS.limit [0000ffff]
00001915508e[CPU0  ] prefetch: EIP [00010000] > CS.limit [0000ffff]
00001948249e[CPU0  ] prefetch: EIP [00010000] > CS.limit [0000ffff]
00001980990e[CPU0  ] prefetch: EIP [00010000] > CS.limit [0000ffff]
00002013731e[CPU0  ] prefetch: EIP [00010000] > CS.limit [0000ffff]
00002046471e[CPU0  ] prefetch: EIP [00010000] > CS.limit [0000ffff]
00002079210e[CPU0  ] prefetch: EIP [00010000] > CS.limit [0000ffff]
00002111947e[CPU0  ] prefetch: EIP [00010000] > CS.limit [0000ffff]
00002144685e[CPU0  ] prefetch: EIP [00010000] > CS.limit [0000ffff]
00002177423e[CPU0  ] prefetch: EIP [00010000] > CS.limit [0000ffff]
00002210160e[CPU0  ] prefetch: EIP [00010000] > CS.limit [0000ffff]
00002242896e[CPU0  ] prefetch: EIP [00010000] > CS.limit [0000ffff]
00002275631e[CPU0  ] prefetch: EIP [00010000] > CS.limit [0000ffff]
00002308365e[CPU0  ] prefetch: EIP [00010000] > CS.limit [0000ffff]
00002341099e[CPU0  ] prefetch: EIP [00010000] > CS.limit [0000ffff]
00002373832e[CPU0  ] prefetch: EIP [00010000] > CS.limit [0000ffff]
00002406566e[CPU0  ] prefetch: EIP [00010000] > CS.limit [0000ffff]
00002439300e[CPU0  ] prefetch: EIP [00010000] > CS.limit [0000ffff]
00002472034e[CPU0  ] prefetch: EIP [00010000] > CS.limit [0000ffff]
00002504768e[CPU0  ] prefetch: EIP [00010000] > CS.limit [0000ffff]
00002537502e[CPU0  ] prefetch: EIP [00010000] > CS.limit [0000ffff]
00002570235e[CPU0  ] prefetch: EIP [00010000] > CS.limit [0000ffff]
00002602967e[CPU0  ] prefetch: EIP [00010000] > CS.limit [0000ffff]
00002635697e[CPU0  ] prefetch: EIP [00010000] > CS.limit [0000ffff]
00002668427e[CPU0  ] prefetch: EIP [00010000] > CS.limit [0000ffff]
00002701156e[CPU0  ] prefetch: EIP [00010000] > CS.limit [0000ffff]
00002733884e[CPU0  ] prefetch: EIP [00010000] > CS.limit [0000ffff]
00002766611e[CPU0  ] prefetch: EIP [00010000] > CS.limit [0000ffff]
00002799338e[CPU0  ] prefetch: EIP [00010000] > CS.limit [0000ffff]
00002832065e[CPU0  ] prefetch: EIP [00010000] > CS.limit [0000ffff]
00002864792e[CPU0  ] prefetch: EIP [00010000] > CS.limit [0000ffff]
00002897518e[CPU0  ] prefetch: EIP [00010000] > CS.limit [0000ffff]
00002930245e[CPU0  ] prefetch: EIP [00010000] > CS.limit [0000ffff]
00002962972e[CPU0  ] prefetch: EIP [00010000] > CS.limit [0000ffff]
00002995699e[CPU0  ] prefetch: EIP [00010000] > CS.limit [0000ffff]
00003028425e[CPU0  ] prefetch: EIP [00010000] > CS.limit [0000ffff]
00003061150e[CPU0  ] prefetch: EIP [00010000] > CS.limit [0000ffff]
00003093874e[CPU0  ] prefetch: EIP [00010000] > CS.limit [0000ffff]
00003126597e[CPU0  ] prefetch: EIP [00010000] > CS.limit [0000ffff]
00003159320e[CPU0  ] prefetch: EIP [00010000] > CS.limit [0000ffff]
00003192043e[CPU0  ] prefetch: EIP [00010000] > CS.limit [0000ffff]
00003224766e[CPU0  ] prefetch: EIP [00010000] > CS.limit [0000ffff]
00003257488e[CPU0  ] prefetch: EIP [00010000] > CS.limit [0000ffff]
00003290209e[CPU0  ] prefetch: EIP [00010000] > CS.limit [0000ffff]
00003322929e[CPU0  ] prefetch: EIP [00010000] > CS.limit [0000ffff]
00003355649e[CPU0  ] prefetch: EIP [00010000] > CS.limit [0000ffff]
00003577289e[CPU0  ] prefetch: EIP [00010000] > CS.limit [0000ffff]
00003610004e[CPU0  ] prefetch: EIP [00010000] > CS.limit [0000ffff]
00003642719e[CPU0  ] prefetch: EIP [00010000] > CS.limit [0000ffff]
00003708004e[CPU0  ] prefetch: EIP [00010000] > CS.limit [0000ffff]
00003740717e[CPU0  ] prefetch: EIP [00010000] > CS.limit [0000ffff]
00003773429e[CPU0  ] prefetch: EIP [00010000] > CS.limit [0000ffff]
00003806141e[CPU0  ] prefetch: EIP [00010000] > CS.limit [0000ffff]
00003838852e[CPU0  ] prefetch: EIP [00010000] > CS.limit [0000ffff]
00003960926e[CPU0  ] prefetch: EIP [00010000] > CS.limit [0000ffff]
00004026198e[CPU0  ] prefetch: EIP [00010000] > CS.limit [0000ffff]
00004058905e[CPU0  ] prefetch: EIP [00010000] > CS.limit [0000ffff]
00011897548i[CPU0  ] math_abort: MSDOS compatibility FPU exception
00011930058i[CPU0  ] math_abort: MSDOS compatibility FPU exception
00011962561i[CPU0  ] math_abort: MSDOS compatibility FPU exception
00011984451i[CPU0  ] math_abort: MSDOS compatibility FPU exception
00011990840i[CPU0  ] math_abort: MSDOS compatibility FPU exception
00011995053i[CPU0  ] math_abort: MSDOS compatibility FPU exception
00011996311i[CPU0  ] math_abort: MSDOS compatibility FPU exception
00012005147i[CPU0  ] math_abort: MSDOS compatibility FPU exception
00012022749i[CPU0  ] math_abort: MSDOS compatibility FPU exception
00012032756i[CPU0  ] math_abort: MSDOS compatibility FPU exception
00012041592i[CPU0  ] math_abort: MSDOS compatibility FPU exception
00012050689e[DEV   ] read from port 0x0000 with len 2 returns 0xffff
00012051026i[CPU0  ] math_abort: MSDOS compatibility FPU exception
00578407000p[      ] >>PANIC<< SIGNAL 2 caught
00578407000i[CPU0  ] CPU is in real mode (active)
00578407000i[CPU0  ] CS.mode = 16 bit
00578407000i[CPU0  ] SS.mode = 16 bit
00578407000i[CPU0  ] EFER   = 0x00000000
00578407000i[CPU0  ] | EAX=00002759  EBX=00000505  ECX=00000486  EDX=00000505
00578407000i[CPU0  ] | ESP=0000af02  EBP=0000f1a6  ESI=0000fff9  EDI=00007ab6
00578407000i[CPU0  ] | IOPL=0 id vip vif ac vm rf nt of df if tf sf zf af pf cf
00578407000i[CPU0  ] | SEG sltr(index|ti|rpl)     base    limit G D
00578407000i[CPU0  ] |  CS:0005( 1e00| 0|  0) 00000050 0000ffff 0 0
00578407000i[CPU0  ] |  DS:0000( 0000| 0|  0) 00000000 0000ffff 0 0
00578407000i[CPU0  ] |  SS:0000( 0000| 0|  0) 00000000 0000ffff 0 0
00578407000i[CPU0  ] |  ES:0500( 0000| 0|  0) 00005000 0000ffff 0 0
00578407000i[CPU0  ] |  FS:0000( 0000| 0|  0) 00000000 0000ffff 0 0
00578407000i[CPU0  ] |  GS:0000( 0000| 0|  0) 00000000 0000ffff 0 0
00578407000i[CPU0  ] | EIP=0000214a (0000214a)
00578407000i[CPU0  ] | CR0=0x60000010 CR2=0x00000000
00578407000i[CPU0  ] | CR3=0x00000000 CR4=0x00000000
00578407000i[CPU0  ] 0x0000214a>> scasw ax, word ptr es:[di] : AF
00578407000i[CMOS  ] Last time is 1472865474 (Fri Sep  2 21:17:54 2016)
00578407000i[XGUI  ] Exit
00578407000i[      ] restoring default signal behavior
00578407000i[SIM   ] quit_sim called with exit code 1
