00000000000i[     ] Bochs x86 Emulator 2.6.2
00000000000i[     ]   Built from SVN snapshot on May 26, 2013
00000000000i[     ] Compiled on Feb  3 2016 at 18:21:20
00000000000i[     ] System configuration
00000000000i[     ]   processors: 1 (cores=1, HT threads=1)
00000000000i[     ]   A20 line support: yes
00000000000i[     ] IPS is set to 4000000
00000000000i[     ] CPU configuration
00000000000i[     ]   SMP support: no
00000000000i[     ]   level: 6
00000000000i[     ]   APIC support: xapic
00000000000i[     ]   FPU support: yes
00000000000i[     ]   MMX support: yes
00000000000i[     ]   3dnow! support: yes
00000000000i[     ]   SEP support: yes
00000000000i[     ]   SSE support: sse2
00000000000i[     ]   XSAVE support: no 
00000000000i[     ]   AES support: no
00000000000i[     ]   MOVBE support: no
00000000000i[     ]   ADX support: no
00000000000i[     ]   x86-64 support: no
00000000000i[     ]   MWAIT support: yes
00000000000i[     ] Optimization configuration
00000000000i[     ]   RepeatSpeedups support: yes
00000000000i[     ]   Fast function calls: yes
00000000000i[     ]   Handlers Chaining speedups: yes
00000000000i[     ] Devices configuration
00000000000i[     ]   NE2000 support: yes
00000000000i[     ]   PCI support: yes, enabled=yes
00000000000i[     ]   SB16 support: no
00000000000i[     ]   USB support: yes
00000000000i[     ]   VGA extension support: vbe cirrus
00000000000i[MEM0 ] allocated memory at 0x7fa291f83010. after alignment, vector=0x7fa291f84000
00000000000i[MEM0 ] 32.00MB
00000000000i[MEM0 ] mem block size = 0x00100000, blocks=32
00000000000p[MEM0 ] >>PANIC<< ROM: System BIOS must end at 0xfffff
00000000000i[CTRL ] quit_sim called with exit code 1
